TN:
SF:/home/sp2296/ece2400/sec4/ece2400-stdlib.c
FN:31,__ece2400_get_file_name
FNDA:1,__ece2400_get_file_name
FN:48,__ece2400_fail
FNDA:0,__ece2400_fail
FN:60,__ece2400_check_and_print_uniop
FNDA:0,__ece2400_check_and_print_uniop
FN:78,__ece2400_check_and_print_int_binop
FNDA:1,__ece2400_check_and_print_int_binop
FN:98,__ece2400_check_and_print_double_binop
FNDA:0,__ece2400_check_and_print_double_binop
FN:128,ece2400_timer_reset
FNDA:0,ece2400_timer_reset
FN:138,ece2400_timer_get_elapsed
FNDA:0,ece2400_timer_get_elapsed
FNF:7
FNH:2
DA:31,1
DA:33,1
DA:35,11
DA:36,10
DA:37,0
DA:38,0
DA:41,1
DA:48,0
DA:50,0
DA:51,0
DA:52,0
DA:53,0
DA:54,0
DA:60,0
DA:62,0
DA:63,0
DA:64,0
DA:65,0
DA:66,0
DA:67,0
DA:68,0
DA:69,0
DA:70,0
DA:72,0
DA:78,1
DA:80,1
DA:81,1
DA:82,0
DA:83,0
DA:85,0
DA:86,1
DA:87,0
DA:89,1
DA:90,0
DA:92,1
DA:98,0
DA:100,0
DA:101,0
DA:102,0
DA:103,0
DA:105,0
DA:106,0
DA:107,0
DA:109,0
DA:110,0
DA:112,0
DA:128,0
DA:130,0
DA:131,0
DA:138,0
DA:140,0
DA:141,0
DA:142,0
DA:143,0
LF:54
LH:11
end_of_record
TN:
SF:/home/sp2296/ece2400/sec4/avg-test.c
FN:6,avg
FNDA:1,avg
FN:12,test_case_1_basic
FNDA:1,test_case_1_basic
FN:18,main
FNDA:1,main
FNF:3
FNH:3
DA:6,1
DA:8,1
DA:9,1
DA:12,1
DA:14,1
DA:15,1
DA:18,1
DA:20,1
DA:22,1
DA:23,1
DA:25,1
DA:26,1
LF:12
LH:12
end_of_record
